0 info it worked if it ends with ok
1 verbose cli [ 'C:\\Program Files\\nodejs\\node.exe',
1 verbose cli   'C:\\Program Files\\nodejs\\node_modules\\npm\\bin\\npm-cli.js',
1 verbose cli   'run',
1 verbose cli   'dev' ]
2 info using npm@3.9.3
3 info using node@v6.2.1
4 verbose run-script [ 'predev', 'dev', 'postdev' ]
5 info lifecycle fchat@1.0.0~predev: fchat@1.0.0
6 silly lifecycle fchat@1.0.0~predev: no script for predev, continuing
7 info lifecycle fchat@1.0.0~dev: fchat@1.0.0
8 verbose lifecycle fchat@1.0.0~dev: unsafe-perm in lifecycle true
9 verbose lifecycle fchat@1.0.0~dev: PATH: C:\Program Files\nodejs\node_modules\npm\bin\node-gyp-bin;E:\Kingdaro\Projects\web\fchat\node_modules\.bin;C:\Program Files\nodejs;.\node_modules\.bin;C:\Users\Kingdaro\npm-global\bin;/usr/local/bin;C:\Program Files\ImageMagick-6.9.3-Q16;C:\ProgramData\Oracle\Java\javapath;C:\Program Files (x86)\NVIDIA Corporation\PhysX\Common;C:\Windows\system32;C:\Windows;C:\Windows\System32\Wbem;C:\Windows\System32\WindowsPowerShell\v1.0\;C:\Program Files (x86)\ATI Technologies\ATI.ACE\Core-Static;C:\Program Files (x86)\Windows Live\Shared;E:\Programs\Go\bin;C:\ProgramData\chocolatey\bin;C:\Program Files (x86)\Windows Kits\8.1\Windows Performance Toolkit\;C:\Program Files\Rust stable GNU 1.9\bin;C:\Program Files\erl7.2.1\bin;C:\Program Files (x86)\Elixir\bin;C:\Users\Kingdaro\.mix\escripts;C:\Program Files\nodejs\;C:\Program Files\Git\cmd;E:\Programs\7-Zip;E:\Programs\crescent;E:\Programs\Redis;E:\Programs\OpenResty;C:\Development\MinGW\bin;C:\Development\Nim\dist\mingw;C:\Development\Nim\dist\mingw\bin;C:\Development\Nim\bin;C:\Development\Nim\dist\babel;C:\Program Files\Git\bin;C:\Program Files\LOVE;C:\Program Files (x86)\CMake\bin;C:\Development\luapower;C:\Development\lua\luarocks;C:\Users\Kingdaro\AppData\Roaming\LuaRocks\bin;C:\Development\lua\luarocks\systree\bin;C:\Program Files (x86)\Microsoft Visual Studio 14.0\VC\bin;C:\Development\flow;C:\Users\Kingdaro\AppData\Roaming\npm
10 verbose lifecycle fchat@1.0.0~dev: CWD: E:\Kingdaro\Projects\web\fchat
11 silly lifecycle fchat@1.0.0~dev: Args: [ '/d /s /c', 'npm-run-all --parallel watch serve' ]
12 silly lifecycle fchat@1.0.0~dev: Returned: code: 1  signal: null
13 info lifecycle fchat@1.0.0~dev: Failed to exec dev script
14 verbose stack Error: fchat@1.0.0 dev: `npm-run-all --parallel watch serve`
14 verbose stack Exit status 1
14 verbose stack     at EventEmitter.<anonymous> (C:\Program Files\nodejs\node_modules\npm\lib\utils\lifecycle.js:245:16)
14 verbose stack     at emitTwo (events.js:106:13)
14 verbose stack     at EventEmitter.emit (events.js:191:7)
14 verbose stack     at ChildProcess.<anonymous> (C:\Program Files\nodejs\node_modules\npm\lib\utils\spawn.js:24:14)
14 verbose stack     at emitTwo (events.js:106:13)
14 verbose stack     at ChildProcess.emit (events.js:191:7)
14 verbose stack     at maybeClose (internal/child_process.js:852:16)
14 verbose stack     at Process.ChildProcess._handle.onexit (internal/child_process.js:215:5)
15 verbose pkgid fchat@1.0.0
16 verbose cwd E:\Kingdaro\Projects\web\fchat
17 error Windows_NT 10.0.10586
18 error argv "C:\\Program Files\\nodejs\\node.exe" "C:\\Program Files\\nodejs\\node_modules\\npm\\bin\\npm-cli.js" "run" "dev"
19 error node v6.2.1
20 error npm  v3.9.3
21 error code ELIFECYCLE
22 error fchat@1.0.0 dev: `npm-run-all --parallel watch serve`
22 error Exit status 1
23 error Failed at the fchat@1.0.0 dev script 'npm-run-all --parallel watch serve'.
23 error Make sure you have the latest version of node.js and npm installed.
23 error If you do, this is most likely a problem with the fchat package,
23 error not with npm itself.
23 error Tell the author that this fails on your system:
23 error     npm-run-all --parallel watch serve
23 error You can get information on how to open an issue for this project with:
23 error     npm bugs fchat
23 error Or if that isn't available, you can get their info via:
23 error     npm owner ls fchat
23 error There is likely additional logging output above.
24 verbose exit [ 1, true ]
